<?xml version="1.0" encoding="UTF-8" ?>
<testsuites disabled="0" errors="0" failures="0" tests="2" time="5.346">
 <testsuite name="Gmail Application testing, Datadriven using Json file" timestamp="2021-01-21T14:57:01" hostname="localhost" time="5.346" errors="0" tests="2" skipped="0" disabled="0" failures="0">
  <testcase classname="Gmail Application testing, Datadriven using Json file" name="Gmail Login test" time="3.934" />
  <testcase classname="Gmail Application testing, Datadriven using Json file" name="Gmail Login test" time="1.406" />
 </testsuite>
</testsuites>